checksource: improper character \x09 = ^I (tab)
   file "astree.cpp": 1 errors: line 116
   file "symstack.cpp": 34 errors: lines 8--9, 13, 17--19, 23--30, 
        34--40
   file "symstack.h": 8 errors: lines 12--13, 15--20
   file "symtable.cpp": 18 errors: lines 19--22, 26--33, 37--41
   file "yylex.cc": 1636 errors: lines 126, 133--134, 223--225, 
        228--233, 240, 242, 248--249, 251--254, 256--259, 261--265, 
        267--272, 274--278, 283--286, 288, 292--301, 304, 343--343, 
        348--349, 386--387, 389--389, 391--393, 396--397, 399--399, 
        401--403, 441, 443--445, 447, 455--458, 769--795, 866, 874--876, 
        884--886, 889--889, 892--893, 895--895, 897--897, 902--902, 
        904--904, 909--913, 915--916, 918--919, 921--921, 923--924, 
        926--929, 932--932, 934--951, 955--961, 963--963, 967, 970--984, 
        986--987, 989--994, 1000, 1005, 1011, 1016, 1021, 1026, 1031, 
        1036, 1041, 1046, 1051, 1056, 1061, 1066, 1071, 1076, 1081, 
        1086, 1091, 1096, 1101, 1106, 1111, 1116, 1121, 1126, 1131, 
        1136, 1141, 1146, 1151, 1156, 1161, 1166, 1171, 1176, 1181, 
        1186, 1191, 1196, 1201, 1206, 1211, 1216, 1221, 1227, 1233, 
        1238, 1245, 1250, 1256, 1261, 1266, 1269, 1271--1274, 
        1276--1278, 1280--1294, 1296--1305, 1307--1307, 1309--1309, 
        1311--1318, 1320--1320, 1322--1322, 1324--1330, 1332--1333, 
        1335--1338, 1340--1344, 1346--1357, 1359--1361, 1363--1369, 
        1371--1373, 1375--1375, 1377--1379, 1381--1383, 1385--1385, 
        1387--1392, 1394--1398, 1412--1414, 1422--1425, 1427--1429, 
        1431--1439, 1441--1448, 1450, 1452--1453, 1455--1456, 
        1458--1462, 1464--1467, 1469--1470, 1472--1473, 1475--1476, 
        1478--1480, 1482--1485, 1487--1493, 1495--1497, 1499--1499, 
        1501--1502, 1504--1504, 1506--1507, 1509--1511, 1513--1514, 
        1516--1522, 1524--1530, 1532--1533, 1535--1541, 1543--1545, 
        1547, 1549, 1562--1563, 1566, 1568--1569, 1571--1584, 1586, 
        1592, 1600, 1602, 1604--1617, 1619--1619, 1638, 1640, 
        1642--1650, 1652--1655, 1657--1668, 1670--1671, 1673--1673, 
        1675--1678, 1680--1681, 1683--1683, 1685--1685, 1687--1687, 
        1689--1694, 1696--1698, 1702, 1705, 1720, 1722--1722, 1724, 
        1726--1727, 1741--1744, 1746--1748, 1750--1756, 1758--1759, 
        1761--1766, 1775--1778, 1793, 1795--1797, 1799, 1801--1806, 
        1808, 1810, 1812, 1826--1827, 1829--1830, 1832--1833, 1835, 
        1849, 1851, 1853--1854, 1872, 1885--1886, 1888, 1890--1895, 
        1897, 1899--1900, 1902--1903, 1919--1920, 1922, 1924--1931, 
        1933--1936, 1938--1940, 1955--1956, 1958--1961, 1963--1966, 
        1980, 1982, 1984--1986, 1988--2000, 2002, 2004--2005, 
        2007--2013, 2015--2018, 2031, 2033--2037, 2039--2041, 
        2043--2051, 2053, 2055, 2071, 2085--2088, 2090--2094, 
        2096--2097, 2099, 2101--2103, 2105--2108, 2110, 2121--2122, 
        2132--2134, 2137--2143, 2275--2279, 2281--2283, 2302--2304, 
        2311--2313, 2315, 2321, 2326--2333, 2338--2338
   file "yyparse.cc": 289 errors: lines 324, 350, 375--383, 426--426, 
        833--836, 838--840, 850--850, 873--874, 878--879, 903--906, 
        909--917, 1006--1009, 1032, 1038--1039, 1044--1046, 1062, 
        1148--1152, 1154--1162, 1164--1168, 1472--1476, 1478--1485, 
        1487--1488, 1496, 1499, 1502--1508, 1510--1511, 1520--1520, 
        1523, 2242, 2245--2249, 2251--2255, 2287, 2293--2301, 2305, 
        2309--2309, 2367--2367
checksource: improper character \x0D = ^M (carriage return)
   file "foo_check.cpp": 423 errors: lines 1--423
   file "symstack.cpp": 41 errors: lines 1--41
   file "symstack.h": 22 errors: lines 1--22
   file "symtable.cpp": 42 errors: lines 1--42
   file "symtable.h": 28 errors: lines 1--28
checksource: line length > 72 characters
   file "Makefile": 3 errors: lines 14--15, 74
   file "foo_check.cpp": 1 errors: line 268
   file "yylex.cc": 50 errors: lines 37, 165, 171, 191, 221, 331, 334, 
        343, 407, 442, 446, 449, 645, 763, 768, 802, 942, 948, 1303, 
        1334, 1427, 1458, 1535, 1537--1538, 1544--1545, 1552, 1565, 
        1568, 1583, 1595, 1601, 1616, 1648, 1711, 1783, 1875--1876, 
        1984, 1995, 2016, 2023, 2060, 2076, 2079, 2083, 2243, 2269, 2285
   file "yyparse.cc": 72 errors: lines 5, 18, 110, 229, 259, 279, 294, 
        310--312, 332, 339, 359, 535, 537--538, 540, 545--546, 581, 929, 
        963, 1107, 1204, 1256, 1275--1277, 1406, 1459, 1541, 1676, 1683, 
        1690, 1702, 1708, 1756, 1781, 1787, 1831, 1838, 1863--1864, 
        1871, 1877--1878, 1884, 1897, 1959, 1965, 1971, 1977, 1983, 
        1989, 1995, 2001, 2007, 2013, 2019, 2025, 2038, 2045, 2063, 
        2070, 2077, 2084, 2091--2092, 2105, 2111, 2303, 2354
   file "yyparse.h": 3 errors: lines 5, 18, 46
checksource: missing newline at end of line
   file "foo_check.cpp": 1 errors: line 424
   file "typecheck.cpp": 1 errors: line 402
   file "typecheck.h": 1 errors: line 9
checksource: TOTAL COMPLAINTS: 2674
